[debug] [2019-09-03T15:23:52.071Z] ----------------------------------------------------------------------
[debug] [2019-09-03T15:23:52.074Z] Command:       /usr/local/bin/node /usr/local/bin/firebase deploy
[debug] [2019-09-03T15:23:52.074Z] CLI Version:   7.3.0
[debug] [2019-09-03T15:23:52.074Z] Platform:      darwin
[debug] [2019-09-03T15:23:52.074Z] Node Version:  v12.7.0
[debug] [2019-09-03T15:23:52.076Z] Time:          Tue Sep 03 2019 18:23:52 GMT+0300 (GMT+03:00)
[debug] [2019-09-03T15:23:52.076Z] ----------------------------------------------------------------------
[debug] 
[debug] [2019-09-03T15:23:52.090Z] > command requires scopes: ["email","openid","https://www.googleapis.com/auth/cloudplatformprojects.readonly","https://www.googleapis.com/auth/firebase","https://www.googleapis.com/auth/cloud-platform"]
[debug] [2019-09-03T15:23:52.090Z] > authorizing via signed-in user
[debug] [2019-09-03T15:23:52.090Z] [iam] checking project web-academy-13a83 for permissions ["firebase.projects.get","firebasehosting.sites.update"]
[debug] [2019-09-03T15:23:52.093Z] > refreshing access token with scopes: ["email","https://www.googleapis.com/auth/cloud-platform","https://www.googleapis.com/auth/cloudplatformprojects.readonly","https://www.googleapis.com/auth/firebase","openid"]
[debug] [2019-09-03T15:23:52.096Z] >>> HTTP REQUEST POST https://www.googleapis.com/oauth2/v3/token  
 <request body omitted>
[debug] [2019-09-03T15:23:52.364Z] <<< HTTP RESPONSE 200
[debug] [2019-09-03T15:23:52.372Z] >>> HTTP REQUEST POST https://cloudresourcemanager.googleapis.com/v1/projects/web-academy-13a83:testIamPermissions  

[debug] [2019-09-03T15:23:53.431Z] <<< HTTP RESPONSE 200
[debug] [2019-09-03T15:23:53.432Z] >>> HTTP REQUEST GET https://firebase.googleapis.com/v1beta1/projects/web-academy-13a83  
 
[debug] [2019-09-03T15:23:53.783Z] <<< HTTP RESPONSE 200
[info] 
[info] === Deploying to 'web-academy-13a83'...
[info] 
[info] i  deploying hosting
[debug] [2019-09-03T15:23:53.787Z] >>> HTTP REQUEST POST https://firebasehosting.googleapis.com/v1beta1/sites/web-academy-13a83/versions  

[debug] [2019-09-03T15:23:55.500Z] <<< HTTP RESPONSE 200
[info] i  hosting[web-academy-13a83]: beginning deploy...
[info] i  hosting[web-academy-13a83]: found 19 files in build
[debug] [2019-09-03T15:23:55.511Z] [hosting] hash cache [YnVpbGQ] load error: lines is not defined
[debug] [2019-09-03T15:23:57.106Z] [hosting] hash cache [YnVpbGQ] stored for 19 files
[debug] [2019-09-03T15:23:57.106Z] [hosting][hash queue][FINAL]
[debug] [2019-09-03T15:23:57.106Z] >>> HTTP REQUEST POST https://firebasehosting.googleapis.com/v1beta1/sites/web-academy-13a83/versions/1db378798d314344:populateFiles  
 <request body omitted>
[debug] [2019-09-03T15:23:58.970Z] <<< HTTP RESPONSE 200
[debug] [2019-09-03T15:23:58.981Z] [hosting][populate queue][FINAL]
[debug] [2019-09-03T15:23:58.981Z] [hosting] uploads queued: 12
[debug] [2019-09-03T15:24:04.730Z] [hosting][upload queue][FINAL]
[info] ✔  hosting[web-academy-13a83]: file upload complete
[debug] [2019-09-03T15:24:04.731Z] [hosting] deploy completed after 9230ms
[debug] [2019-09-03T15:24:04.731Z] [
  {
    "config": {
      "public": "build",
      "ignore": [
        "firebase.json",
        "**/.*",
        "**/node_modules/**"
      ],
      "rewrites": [
        {
          "source": "**",
          "destination": "/index.html"
        }
      ],
      "site": "web-academy-13a83"
    },
    "site": "web-academy-13a83",
    "version": "sites/web-academy-13a83/versions/1db378798d314344"
  }
]
[info] i  hosting[web-academy-13a83]: finalizing version...
[debug] [2019-09-03T15:24:04.732Z] >>> HTTP REQUEST PATCH https://firebasehosting.googleapis.com/v1beta1/sites/web-academy-13a83/versions/1db378798d314344?updateMask=status  

[debug] [2019-09-03T15:24:05.954Z] <<< HTTP RESPONSE 200
[debug] [2019-09-03T15:24:05.954Z] [hosting] finalized version for web-academy-13a83:
[info] ✔  hosting[web-academy-13a83]: version finalized
[info] i  hosting[web-academy-13a83]: releasing new version...
[debug] [2019-09-03T15:24:05.955Z] >>> HTTP REQUEST POST https://firebasehosting.googleapis.com/v1beta1/sites/web-academy-13a83/releases?version_name=sites/web-academy-13a83/versions/1db378798d314344  

